<?xml version="1.0" encoding="UTF-8"?>
<testsuite name="agh.ii.prinjava.proj1.impl.DLinkListTest" tests="5" skipped="0" failures="0" errors="0" timestamp="2022-03-10T14:28:24" hostname="LAPTOP-N487120A" time="0.078">
  <properties/>
  <testcase name="test_removeLast()" classname="agh.ii.prinjava.proj1.impl.DLinkListTest" time="0.057"/>
  <testcase name="test_removeFirst()" classname="agh.ii.prinjava.proj1.impl.DLinkListTest" time="0.004"/>
  <testcase name="test_toString()" classname="agh.ii.prinjava.proj1.impl.DLinkListTest" time="0.006"/>
  <testcase name="test_addFirst()" classname="agh.ii.prinjava.proj1.impl.DLinkListTest" time="0.004"/>
  <testcase name="test_addLast()" classname="agh.ii.prinjava.proj1.impl.DLinkListTest" time="0.004"/>
  <system-out><![CDATA[
Test removeLast
Initialized list : [1,2,3]
Removing 3 to the list : Supposed result : [1,2] what we got -> [1,2] Removed element : 3
Removing 2 to the list : Supposed result : [1] what we got -> [1] Removed element : 2
Removing 1 to the list : Supposed result : [] what we got -> [] Removed element : 1
Test end


Test removeFirst
Initialized list : [3,2,1]
Removing 3 to the list : Supposed result : [2,1] what we got -> [2,1] Removed element : 3
Removing 2 to the list : Supposed result : [1] what we got -> [1] Removed element : 2
Removing 1 to the list : Supposed result : [] what we got -> [] Removed element : 1
Test end


Test toString
Initialized list, what we expected : [3,2,1], what we got -> : [3,2,1] : The String is correct
Test end


Test addFirst
Initialized list : []
Adding 1 to the list : Supposed result : [1] what we got -> [1]
Adding 2 to the list : Supposed result : [2,1] what we got -> [2,1]
Adding 3 to the list : Supposed result : [3,2,1] what we got -> [3,2,1]
Test end


Test addLast
Initialized list : []
Adding 1 to the list : Supposed result : [1] what we got -> [1]
Adding 2 to the list : Supposed result : [1,2] what we got -> [1,2]
Adding 3 to the list : Supposed result : [1,2,3] what we got -> [1,2,3]
Test end

]]></system-out>
  <system-err><![CDATA[]]></system-err>
</testsuite>
